<?xml version="1.0" encoding="UTF-8"?>
<!-- Generated by org.testng.reporters.JUnitXMLReporter -->
<testsuite ignored="4" hostname="DESKTOP-8QBIHO6" failures="0" tests="3" name="Test1" time="11.761" errors="0" timestamp="2024-06-01T12:28:46 IST">
  <testcase classname="com.crm.comcast.contactTest.DemoWorkShop" name="demo" time="1.744"/>
  <testcase classname="com.crm.comcast.contactTest.Amazon" name="amazon" time="2.142"/>
  <testcase classname="com.crm.comcast.contactTest.FlipCart" name="flipcart" time="2.781"/>
  <testcase classname="com.crm.Generic.BaseUtility.BaseClass" name="@BeforeSuite configBS" time="0.0">
    <ignored/>
  </testcase> <!-- @BeforeSuite configBS -->
  <testcase classname="com.crm.Generic.BaseUtility.BaseClass" name="@BeforeSuite configBS" time="0.0">
    <ignored/>
  </testcase> <!-- @BeforeSuite configBS -->
  <testcase classname="com.crm.Generic.BaseUtility.BaseClass" name="@AfterSuite configAS" time="0.0">
    <ignored/>
  </testcase> <!-- @AfterSuite configAS -->
  <testcase classname="com.crm.Generic.BaseUtility.BaseClass" name="@AfterSuite configAS" time="0.0">
    <ignored/>
  </testcase> <!-- @AfterSuite configAS -->
</testsuite> <!-- Test1 -->
