<?xml version="1.0" encoding="UTF-8"?>
<!-- Generated by org.testng.reporters.JUnitXMLReporter -->
<testsuite ignored="4" hostname="DESKTOP-8QBIHO6" failures="0" tests="3" name="Test2" time="21.841" errors="0" timestamp="2024-06-01T12:28:56 IST">
  <testcase classname="com.crm.comcast.orgTest.Amazon" name="amazon" time="4.328"/>
  <testcase classname="com.crm.comcast.orgTest.DemoWorkShop" name="demo" time="4.349"/>
  <testcase classname="com.crm.comcast.orgTest.FlipCart" name="flipcart" time="3.444"/>
  <testcase classname="com.crm.Generic.BaseUtility.BaseClass" name="@BeforeSuite configBS" time="0.0">
    <ignored/>
  </testcase> <!-- @BeforeSuite configBS -->
  <testcase classname="com.crm.Generic.BaseUtility.BaseClass" name="@BeforeSuite configBS" time="0.0">
    <ignored/>
  </testcase> <!-- @BeforeSuite configBS -->
  <testcase classname="com.crm.Generic.BaseUtility.BaseClass" name="@AfterSuite configAS" time="0.0">
    <ignored/>
  </testcase> <!-- @AfterSuite configAS -->
  <testcase classname="com.crm.Generic.BaseUtility.BaseClass" name="@AfterSuite configAS" time="0.0">
    <ignored/>
  </testcase> <!-- @AfterSuite configAS -->
</testsuite> <!-- Test2 -->
