<?xml version="1.0" encoding="UTF-8"?>
<!-- Generated by org.testng.reporters.JUnitXMLReporter -->
<testsuite ignored="0" hostname="DESKTOP-8QBIHO6" failures="1" tests="2" name="Test" time="5.859" errors="0" timestamp="2024-06-07T15:46:15 IST">
  <testcase classname="Listener_Practice.InvoiceTest" name="createInvoceTest" time="2.677">
    <failure type="java.lang.AssertionError" message="expected [loginURL] but found [Online Shopping Site for Mobiles, Electronics, Furniture, Grocery, Lifestyle, Books &amp;amp; More. Best Offers!]">
      <![CDATA[java.lang.AssertionError: expected [loginURL] but found [Online Shopping Site for Mobiles, Electronics, Furniture, Grocery, Lifestyle, Books & More. Best Offers!]
at Listener_Practice.InvoiceTest.createInvoceTest(InvoiceTest.java:20)
at java.base/java.util.ArrayList.forEach(ArrayList.java:1596)
... Removed 31 stack frames]]>
    </failure>
  </testcase> <!-- createInvoceTest -->
  <testcase classname="Listener_Practice.InvoiceTest" name="createInvoicewithContactTest" time="0.002"/>
</testsuite> <!-- Test -->
