<?xml version="1.0" encoding="UTF-8"?>
<testng-results ignored="1" total="2" passed="1" failed="0" skipped="0">
  <reporter-output>
  </reporter-output>
  <suite started-at="2024-06-12T18:28:48 IST" name="Default suite" finished-at="2024-06-12T18:30:59 IST" duration-ms="131388">
    <groups>
    </groups>
    <test started-at="2024-06-12T18:28:48 IST" name="Default test" finished-at="2024-06-12T18:30:59 IST" duration-ms="131388">
      <class name="com.crm.comcast.contactTest.Debug">
        <test-method signature="actualValue()[pri:0, instance:com.crm.comcast.contactTest.Debug@47e2e487]" started-at="2024-06-12T18:28:48 IST" name="actualValue" finished-at="2024-06-12T18:30:59 IST" duration-ms="131317" status="PASS">
          <reporter-output>
          </reporter-output>
        </test-method> <!-- actualValue -->
      </class> <!-- com.crm.comcast.contactTest.Debug -->
    </test> <!-- Default test -->
  </suite> <!-- Default suite -->
</testng-results>
