<?xml version="1.0" encoding="UTF-8"?>
<!-- Generated by org.testng.reporters.JUnitXMLReporter -->
<testsuite ignored="1" hostname="DESKTOP-8QBIHO6" failures="0" tests="1" name="Default test" time="131.388" errors="0" timestamp="2024-06-12T18:30:59 IST">
  <testcase classname="com.crm.comcast.contactTest.Debug" name="actualValue" time="131.317"/>
  <testcase classname="com.crm.comcast.contactTest.Debug" name="modifiedValue" time="0.0">
    <ignored/>
  </testcase> <!-- modifiedValue -->
</testsuite> <!-- Default test -->
